This file contains any messages produced by compilers while
running configure, to aid debugging if configure makes a mistake.

configure:572: checking for a BSD compatible install
configure:625: checking whether build environment is sane
configure:682: checking whether make sets ${MAKE}
configure:728: checking for working aclocal
configure:741: checking for working autoconf
configure:754: checking for working automake
configure:767: checking for working autoheader
configure:780: checking for working makeinfo
configure:800: checking for gcc
configure:913: checking whether the C compiler (gcc  ) works
configure:929: gcc -o conftest    conftest.c  1>&5
configure:955: checking whether the C compiler (gcc  ) is a cross-compiler
configure:960: checking whether we are using GNU C
configure:969: gcc -E conftest.c
configure:988: checking whether gcc accepts -g
configure:1020: checking whether make sets ${MAKE}
configure:1123: checking host system type
configure:1144: checking build system type
configure:1164: checking for ranlib
configure:1203: checking for ld used by GCC
configure:1265: checking if the linker (/usr/bin/ld) is GNU ld
GNU ld version 2.9.5 (with BFD 2.9.5.0.31)
configure:1281: checking for BSD-compatible nm
configure:1317: checking whether ln -s works
ltconfig:603: checking for object suffix
ltconfig:604: gcc -c   conftest.c 1>&5
ltconfig:629: checking for executable suffix
ltconfig:630: gcc -o conftest    conftest.c  1>&5
ltconfig:776: checking if gcc PIC flag -fPIC works
ltconfig:777: gcc -c  -fPIC -DPIC  conftest.c 1>&5
ltconfig:829: checking if gcc supports -c -o file.o
ltconfig:830: gcc -c  -o out/conftest2.o  conftest.c 1>&5
ltconfig:862: checking if gcc supports -c -o file.lo
ltconfig:863: gcc -c  -c -o conftest.lo  conftest.c 1>&5
ltconfig:914: checking if gcc supports -fno-rtti -fno-exceptions
ltconfig:915: gcc -c  -fno-rtti -fno-exceptions -c conftest.c  conftest.c 1>&5
ltconfig:958: checking if gcc static flag -static works
ltconfig:959: gcc -o conftest    -static conftest.c  1>&5
GNU ld version 2.9.5 (with BFD 2.9.5.0.31)
ltconfig:1592: checking if global_symbol_pipe works
ltconfig:1593: gcc -c   conftest.c 1>&5
ltconfig:1596: eval "/usr/bin/nm -B conftest.o | sed -n -e 's/^.*[ 	]\([ABCDGISTW]\)[ 	][ 	]*\(\)\([_A-Za-z][_A-Za-z0-9]*\)$/\1 \2\3 \3/p' > conftest.nm"
ltconfig:1648: gcc -o conftest  -fno-builtin -fno-rtti -fno-exceptions   conftest.c conftstm.o 1>&5
configure:1559: checking for glib-config
configure:1594: checking for GLIB - version >= 1.2.0
configure:1693: gcc -o conftest  -I/usr/lib/glib/include   conftest.c -L/usr/lib -lglib  1>&5
configure:1777: checking how to run the C preprocessor
configure:1798: gcc -E  conftest.c >/dev/null 2>conftest.out
configure:1857: checking for ANSI C header files
configure:1870: gcc -E  conftest.c >/dev/null 2>conftest.out
configure:1937: gcc -o conftest    conftest.c  1>&5
